<?xml version="1.0" encoding="UTF-8"?>
<!-- Generated by org.testng.reporters.JUnitXMLReporter -->
<testsuite hostname="INMAA-0132DT" ignored="0" name="Default test" tests="3" failures="0" timestamp="23 Dec 2019 11:19:48 GMT" time="94.3" errors="0">
  <testcase name="imopagetitle" time="0.101" classname="com.sm.testcase.imoPageTest"/>
  <testcase name="imoPageTestvalue" time="9.605" classname="com.sm.testcase.imoPageTest"/>
  <testcase name="imoPageTestvalue" time="11.079" classname="com.sm.testcase.imoPageTest"/>
</testsuite> <!-- Default test -->
